<Event xmlns='http://schemas.microsoft.com/win/2004/08/events/event'><System><Provider Name='Microsoft-Windows-WLAN-AutoConfig' Guid='{9580d7dd-0379-4658-9870-d5be7d52d6de}'/><EventID>8000</EventID><Version>0</Version><Level>4</Level><Task>24010</Task><Opcode>189</Opcode><Keywords>0x8000000000000600</Keywords><TimeCreated SystemTime='2026-05-23T15:37:25.0673909Z'/><EventRecordID>1</EventRecordID><Correlation/><Execution ProcessID='13572' ThreadID='14340'/><Channel>Microsoft-Windows-WLAN-AutoConfig/Operational</Channel><Computer>DESKTOP-GU6JIV0</Computer><Security UserID='S-1-5-18'/></System><EventData><Data Name='InterfaceGuid'>{a0304f17-13b2-4acf-bd88-f45e2426ce92}</Data><Data Name='InterfaceDescription'>MediaTek MT7921 Wi-Fi 6 802.11ax PCIe Adapter</Data><Data Name='ConnectionMode'>Connection to a secure network without a profile</Data><Data Name='ProfileName'>Jones Home</Data><Data Name='SSID'>Jones Home</Data><Data Name='BSSType'>Infrastructure</Data><Data Name='ConnectionId'>0x1</Data></EventData></Event><Event xmlns='http://schemas.microsoft.com/win/2004/08/events/event'><System><Provider Name='Microsoft-Windows-WLAN-AutoConfig' Guid='{9580d7dd-0379-4658-9870-d5be7d52d6de}'/><EventID>11000</EventID><Version>0</Version><Level>4</Level><Task>24011</Task><Opcode>193</Opcode><Keywords>0x8000000000000600</Keywords><TimeCreated SystemTime='2026-05-23T15:37:25.1647010Z'/><EventRecordID>2</EventRecordID><Correlation/><Execution ProcessID='13572' ThreadID='14340'/><Channel>Microsoft-Windows-WLAN-AutoConfig/Operational</Channel><Computer>DESKTOP-GU6JIV0</Computer><Security UserID='S-1-5-18'/></System><EventData><Data Name='Adapter'>MediaTek MT7921 Wi-Fi 6 802.11ax PCIe Adapter</Data><Data Name='DeviceGuid'>{a0304f17-13b2-4acf-bd88-f45e2426ce92}</Data><Data Name='LocalMac'>14:13:33:C5:8B:E7</Data><Data Name='SSID'>Jones Home</Data><Data Name='BSSType'>Infrastructure</Data><Data Name='Auth'>WPA2-Personal</Data><Data Name='Cipher'>AES-CCMP</Data><Data Name='OnexEnabled'>0</Data><Data Name='IhvConnectivitySetting'></Data><Data Name='ConnectionId'>0x2</Data></EventData></Event><Event xmlns='http://schemas.microsoft.com/win/2004/08/events/event'><System><Provider Name='Microsoft-Windows-WLAN-AutoConfig' Guid='{9580d7dd-0379-4658-9870-d5be7d52d6de}'/><EventID>11001</EventID><Version>0</Version><Level>4</Level><Task>24011</Task><Opcode>194</Opcode><Keywords>0x8000000000000600</Keywords><TimeCreated SystemTime='2026-05-23T15:37:25.9198664Z'/><EventRecordID>3</EventRecordID><Correlation/><Execution ProcessID='13572' ThreadID='6720'/><Channel>Microsoft-Windows-WLAN-AutoConfig/Operational</Channel><Computer>DESKTOP-GU6JIV0</Computer><Security UserID='S-1-5-18'/></System><EventData><Data Name='Adapter'>MediaTek MT7921 Wi-Fi 6 802.11ax PCIe Adapter</Data><Data Name='DeviceGuid'>{a0304f17-13b2-4acf-bd88-f45e2426ce92}</Data><Data Name='LocalMac'>14:13:33:C5:8B:E7</Data><Data Name='SSID'>Jones Home</Data><Data Name='BSSType'>Infrastructure</Data><Data Name='ConnectionId'>0x200000001</Data><Data Name='MgmtFrameProtection'>false</Data></EventData></Event><Event xmlns='http://schemas.microsoft.com/win/2004/08/events/event'><System><Provider Name='Microsoft-Windows-WLAN-AutoConfig' Guid='{9580d7dd-0379-4658-9870-d5be7d52d6de}'/><EventID>11010</EventID><Version>0</Version><Level>4</Level><Task>24012</Task><Opcode>200</Opcode><Keywords>0x8000000000000600</Keywords><TimeCreated SystemTime='2026-05-23T15:37:25.9198748Z'/><EventRecordID>4</EventRecordID><Correlation/><Execution ProcessID='13572' ThreadID='6720'/><Channel>Microsoft-Windows-WLAN-AutoConfig/Operational</Channel><Computer>DESKTOP-GU6JIV0</Computer><Security UserID='S-1-5-18'/></System><EventData><Data Name='Adapter'>MediaTek MT7921 Wi-Fi 6 802.11ax PCIe Adapter</Data><Data Name='DeviceGuid'>{a0304f17-13b2-4acf-bd88-f45e2426ce92}</Data><Data Name='LocalMac'>14:13:33:C5:8B:E7</Data><Data Name='SSID'>Jones Home</Data><Data Name='BSSType'>Infrastructure</Data><Data Name='Auth'>WPA2-Personal</Data><Data Name='AuthVal'>7</Data><Data Name='Cipher'>AES-CCMP</Data><Data Name='CipherVal'>4</Data><Data Name='FIPSMode'>0</Data><Data Name='OnexEnabled'>0</Data><Data Name='ConnectionId'>0x2</Data></EventData></Event><Event xmlns='http://schemas.microsoft.com/win/2004/08/events/event'><System><Provider Name='Microsoft-Windows-WLAN-AutoConfig' Guid='{9580d7dd-0379-4658-9870-d5be7d52d6de}'/><EventID>11005</EventID><Version>0</Version><Level>4</Level><Task>24012</Task><Opcode>198</Opcode><Keywords>0x8000000000000600</Keywords><TimeCreated SystemTime='2026-05-23T15:37:25.9554934Z'/><EventRecordID>5</EventRecordID><Correlation/><Execution ProcessID='13572' ThreadID='15316'/><Channel>Microsoft-Windows-WLAN-AutoConfig/Operational</Channel><Computer>DESKTOP-GU6JIV0</Computer><Security UserID='S-1-5-18'/></System><EventData><Data Name='Adapter'>MediaTek MT7921 Wi-Fi 6 802.11ax PCIe Adapter</Data><Data Name='DeviceGuid'>{a0304f17-13b2-4acf-bd88-f45e2426ce92}</Data><Data Name='LocalMac'>14:13:33:C5:8B:E7</Data><Data Name='SSID'>Jones Home</Data><Data Name='BSSType'>Infrastructure</Data><Data Name='ConnectionId'>0x2</Data></EventData></Event><Event xmlns='http://schemas.microsoft.com/win/2004/08/events/event'><System><Provider Name='Microsoft-Windows-WLAN-AutoConfig' Guid='{9580d7dd-0379-4658-9870-d5be7d52d6de}'/><EventID>8001</EventID><Version>0</Version><Level>4</Level><Task>24010</Task><Opcode>190</Opcode><Keywords>0x8000000000000600</Keywords><TimeCreated SystemTime='2026-05-23T15:37:25.9721596Z'/><EventRecordID>6</EventRecordID><Correlation/><Execution ProcessID='13572' ThreadID='15316'/><Channel>Microsoft-Windows-WLAN-AutoConfig/Operational</Channel><Computer>DESKTOP-GU6JIV0</Computer><Security UserID='S-1-5-18'/></System><EventData><Data Name='InterfaceGuid'>{a0304f17-13b2-4acf-bd88-f45e2426ce92}</Data><Data Name='InterfaceDescription'>MediaTek MT7921 Wi-Fi 6 802.11ax PCIe Adapter</Data><Data Name='ConnectionMode'>Connection to a secure network without a profile</Data><Data Name='ProfileName'>Jones Home</Data><Data Name='SSID'>Jones Home</Data><Data Name='BSSType'>Infrastructure</Data><Data Name='PHYType'>802.11ax</Data><Data Name='AuthenticationAlgorithm'>WPA2-Personal</Data><Data Name='CipherAlgorithm'>AES-CCMP</Data><Data Name='OnexEnabled'>0</Data><Data Name='ConnectionId'>0x2</Data><Data Name='NonBroadcast'>false</Data></EventData></Event><Event xmlns='http://schemas.microsoft.com/win/2004/08/events/event'><System><Provider Name='Microsoft-Windows-WLAN-AutoConfig' Guid='{9580d7dd-0379-4658-9870-d5be7d52d6de}'/><EventID>8000</EventID><Version>0</Version><Level>4</Level><Task>24010</Task><Opcode>189</Opcode><Keywords>0x8000000000000600</Keywords><TimeCreated SystemTime='2026-05-23T15:41:12.8157132Z'/><EventRecordID>7</EventRecordID><Correlation/><Execution ProcessID='4084' ThreadID='6552'/><Channel>Microsoft-Windows-WLAN-AutoConfig/Operational</Channel><Computer>DESKTOP-GU6JIV0</Computer><Security UserID='S-1-5-18'/></System><EventData><Data Name='InterfaceGuid'>{a0304f17-13b2-4acf-bd88-f45e2426ce92}</Data><Data Name='InterfaceDescription'>MediaTek MT7921 Wi-Fi 6 802.11ax PCIe Adapter</Data><Data Name='ConnectionMode'>Automatic connection with a profile</Data><Data Name='ProfileName'>Jones Home</Data><Data Name='SSID'>Jones Home</Data><Data Name='BSSType'>Infrastructure</Data><Data Name='ConnectionId'>0x1</Data></EventData></Event><Event xmlns='http://schemas.microsoft.com/win/2004/08/events/event'><System><Provider Name='Microsoft-Windows-WLAN-AutoConfig' Guid='{9580d7dd-0379-4658-9870-d5be7d52d6de}'/><EventID>11000</EventID><Version>0</Version><Level>4</Level><Task>24011</Task><Opcode>193</Opcode><Keywords>0x8000000000000600</Keywords><TimeCreated SystemTime='2026-05-23T15:41:12.8484190Z'/><EventRecordID>8</EventRecordID><Correlation/><Execution ProcessID='4084' ThreadID='6552'/><Channel>Microsoft-Windows-WLAN-AutoConfig/Operational</Channel><Computer>DESKTOP-GU6JIV0</Computer><Security UserID='S-1-5-18'/></System><EventData><Data Name='Adapter'>MediaTek MT7921 Wi-Fi 6 802.11ax PCIe Adapter</Data><Data Name='DeviceGuid'>{a0304f17-13b2-4acf-bd88-f45e2426ce92}</Data><Data Name='LocalMac'>14:13:33:C5:8B:E7</Data><Data Name='SSID'>Jones Home</Data><Data Name='BSSType'>Infrastructure</Data><Data Name='Auth'>WPA2-Personal</Data><Data Name='Cipher'>AES-GCMP-128</Data><Data Name='OnexEnabled'>0</Data><Data Name='IhvConnectivitySetting'></Data><Data Name='ConnectionId'>0x1</Data></EventData></Event><Event xmlns='http://schemas.microsoft.com/win/2004/08/events/event'><System><Provider Name='Microsoft-Windows-WLAN-AutoConfig' Guid='{9580d7dd-0379-4658-9870-d5be7d52d6de}'/><EventID>11001</EventID><Version>0</Version><Level>4</Level><Task>24011</Task><Opcode>194</Opcode><Keywords>0x8000000000000600</Keywords><TimeCreated SystemTime='2026-05-23T15:41:13.1205328Z'/><EventRecordID>9</EventRecordID><Correlation/><Execution ProcessID='4084' ThreadID='6552'/><Channel>Microsoft-Windows-WLAN-AutoConfig/Operational</Channel><Computer>DESKTOP-GU6JIV0</Computer><Security UserID='S-1-5-18'/></System><EventData><Data Name='Adapter'>MediaTek MT7921 Wi-Fi 6 802.11ax PCIe Adapter</Data><Data Name='DeviceGuid'>{a0304f17-13b2-4acf-bd88-f45e2426ce92}</Data><Data Name='LocalMac'>14:13:33:C5:8B:E7</Data><Data Name='SSID'>Jones Home</Data><Data Name='BSSType'>Infrastructure</Data><Data Name='ConnectionId'>0x100000001</Data><Data Name='MgmtFrameProtection'>false</Data></EventData></Event><Event xmlns='http://schemas.microsoft.com/win/2004/08/events/event'><System><Provider Name='Microsoft-Windows-WLAN-AutoConfig' Guid='{9580d7dd-0379-4658-9870-d5be7d52d6de}'/><EventID>11010</EventID><Version>0</Version><Level>4</Level><Task>24012</Task><Opcode>200</Opcode><Keywords>0x8000000000000600</Keywords><TimeCreated SystemTime='2026-05-23T15:41:13.1205519Z'/><EventRecordID>10</EventRecordID><Correlation/><Execution ProcessID='4084' ThreadID='6552'/><Channel>Microsoft-Windows-WLAN-AutoConfig/Operational</Channel><Computer>DESKTOP-GU6JIV0</Computer><Security UserID='S-1-5-18'/></System><EventData><Data Name='Adapter'>MediaTek MT7921 Wi-Fi 6 802.11ax PCIe Adapter</Data><Data Name='DeviceGuid'>{a0304f17-13b2-4acf-bd88-f45e2426ce92}</Data><Data Name='LocalMac'>14:13:33:C5:8B:E7</Data><Data Name='SSID'>Jones Home</Data><Data Name='BSSType'>Infrastructure</Data><Data Name='Auth'>WPA2-Personal</Data><Data Name='AuthVal'>7</Data><Data Name='Cipher'>AES-GCMP-128</Data><Data Name='CipherVal'>8</Data><Data Name='FIPSMode'>0</Data><Data Name='OnexEnabled'>0</Data><Data Name='ConnectionId'>0x1</Data></EventData></Event><Event xmlns='http://schemas.microsoft.com/win/2004/08/events/event'><System><Provider Name='Microsoft-Windows-WLAN-AutoConfig' Guid='{9580d7dd-0379-4658-9870-d5be7d52d6de}'/><EventID>11005</EventID><Version>0</Version><Level>4</Level><Task>24012</Task><Opcode>198</Opcode><Keywords>0x8000000000000600</Keywords><TimeCreated SystemTime='2026-05-23T15:41:13.1567300Z'/><EventRecordID>11</EventRecordID><Correlation/><Execution ProcessID='4084' ThreadID='6592'/><Channel>Microsoft-Windows-WLAN-AutoConfig/Operational</Channel><Computer>DESKTOP-GU6JIV0</Computer><Security UserID='S-1-5-18'/></System><EventData><Data Name='Adapter'>MediaTek MT7921 Wi-Fi 6 802.11ax PCIe Adapter</Data><Data Name='DeviceGuid'>{a0304f17-13b2-4acf-bd88-f45e2426ce92}</Data><Data Name='LocalMac'>14:13:33:C5:8B:E7</Data><Data Name='SSID'>Jones Home</Data><Data Name='BSSType'>Infrastructure</Data><Data Name='ConnectionId'>0x1</Data></EventData></Event><Event xmlns='http://schemas.microsoft.com/win/2004/08/events/event'><System><Provider Name='Microsoft-Windows-WLAN-AutoConfig' Guid='{9580d7dd-0379-4658-9870-d5be7d52d6de}'/><EventID>8001</EventID><Version>0</Version><Level>4</Level><Task>24010</Task><Opcode>190</Opcode><Keywords>0x8000000000000600</Keywords><TimeCreated SystemTime='2026-05-23T15:41:13.1645243Z'/><EventRecordID>12</EventRecordID><Correlation/><Execution ProcessID='4084' ThreadID='4116'/><Channel>Microsoft-Windows-WLAN-AutoConfig/Operational</Channel><Computer>DESKTOP-GU6JIV0</Computer><Security UserID='S-1-5-18'/></System><EventData><Data Name='InterfaceGuid'>{a0304f17-13b2-4acf-bd88-f45e2426ce92}</Data><Data Name='InterfaceDescription'>MediaTek MT7921 Wi-Fi 6 802.11ax PCIe Adapter</Data><Data Name='ConnectionMode'>Automatic connection with a profile</Data><Data Name='ProfileName'>Jones Home</Data><Data Name='SSID'>Jones Home</Data><Data Name='BSSType'>Infrastructure</Data><Data Name='PHYType'>802.11ax</Data><Data Name='AuthenticationAlgorithm'>WPA2-Personal</Data><Data Name='CipherAlgorithm'>AES-CCMP</Data><Data Name='OnexEnabled'>0</Data><Data Name='ConnectionId'>0x1</Data><Data Name='NonBroadcast'>false</Data></EventData></Event><Event xmlns='http://schemas.microsoft.com/win/2004/08/events/event'><System><Provider Name='Microsoft-Windows-WLAN-AutoConfig' Guid='{9580d7dd-0379-4658-9870-d5be7d52d6de}'/><EventID>11004</EventID><Version>0</Version><Level>4</Level><Task>24012</Task><Opcode>197</Opcode><Keywords>0x8000000000000600</Keywords><TimeCreated SystemTime='2026-05-23T20:09:44.3721946Z'/><EventRecordID>13</EventRecordID><Correlation/><Execution ProcessID='4084' ThreadID='8988'/><Channel>Microsoft-Windows-WLAN-AutoConfig/Operational</Channel><Computer>DESKTOP-GU6JIV0</Computer><Security UserID='S-1-5-18'/></System><EventData><Data Name='Adapter'>MediaTek MT7921 Wi-Fi 6 802.11ax PCIe Adapter</Data><Data Name='DeviceGuid'>{a0304f17-13b2-4acf-bd88-f45e2426ce92}</Data><Data Name='LocalMac'>14:13:33:C5:8B:E7</Data><Data Name='SSID'>Jones Home</Data><Data Name='BSSType'>Infrastructure</Data><Data Name='SecurityHint'>The operation was successful.</Data><Data Name='SecurityHintCode'>0</Data><Data Name='ConnectionId'>0x1</Data></EventData></Event><Event xmlns='http://schemas.microsoft.com/win/2004/08/events/event'><System><Provider Name='Microsoft-Windows-WLAN-AutoConfig' Guid='{9580d7dd-0379-4658-9870-d5be7d52d6de}'/><EventID>8000</EventID><Version>0</Version><Level>4</Level><Task>24010</Task><Opcode>189</Opcode><Keywords>0x8000000000000600</Keywords><TimeCreated SystemTime='2026-05-23T20:10:29.5641151Z'/><EventRecordID>14</EventRecordID><Correlation/><Execution ProcessID='6272' ThreadID='7104'/><Channel>Microsoft-Windows-WLAN-AutoConfig/Operational</Channel><Computer>DESKTOP-GU6JIV0</Computer><Security UserID='S-1-5-18'/></System><EventData><Data Name='InterfaceGuid'>{a0304f17-13b2-4acf-bd88-f45e2426ce92}</Data><Data Name='InterfaceDescription'>MediaTek MT7921 Wi-Fi 6 802.11ax PCIe Adapter</Data><Data Name='ConnectionMode'>Automatic connection with a profile</Data><Data Name='ProfileName'>Jones Home</Data><Data Name='SSID'>Jones Home</Data><Data Name='BSSType'>Infrastructure</Data><Data Name='ConnectionId'>0x1</Data></EventData></Event><Event xmlns='http://schemas.microsoft.com/win/2004/08/events/event'><System><Provider Name='Microsoft-Windows-WLAN-AutoConfig' Guid='{9580d7dd-0379-4658-9870-d5be7d52d6de}'/><EventID>11000</EventID><Version>0</Version><Level>4</Level><Task>24011</Task><Opcode>193</Opcode><Keywords>0x8000000000000600</Keywords><TimeCreated SystemTime='2026-05-23T20:10:29.5969908Z'/><EventRecordID>15</EventRecordID><Correlation/><Execution ProcessID='6272' ThreadID='6292'/><Channel>Microsoft-Windows-WLAN-AutoConfig/Operational</Channel><Computer>DESKTOP-GU6JIV0</Computer><Security UserID='S-1-5-18'/></System><EventData><Data Name='Adapter'>MediaTek MT7921 Wi-Fi 6 802.11ax PCIe Adapter</Data><Data Name='DeviceGuid'>{a0304f17-13b2-4acf-bd88-f45e2426ce92}</Data><Data Name='LocalMac'>14:13:33:C5:8B:E7</Data><Data Name='SSID'>Jones Home</Data><Data Name='BSSType'>Infrastructure</Data><Data Name='Auth'>WPA2-Personal</Data><Data Name='Cipher'>AES-GCMP-128</Data><Data Name='OnexEnabled'>0</Data><Data Name='IhvConnectivitySetting'></Data><Data Name='ConnectionId'>0x1</Data></EventData></Event><Event xmlns='http://schemas.microsoft.com/win/2004/08/events/event'><System><Provider Name='Microsoft-Windows-WLAN-AutoConfig' Guid='{9580d7dd-0379-4658-9870-d5be7d52d6de}'/><EventID>11001</EventID><Version>0</Version><Level>4</Level><Task>24011</Task><Opcode>194</Opcode><Keywords>0x8000000000000600</Keywords><TimeCreated SystemTime='2026-05-23T20:10:29.8903042Z'/><EventRecordID>16</EventRecordID><Correlation/><Execution ProcessID='6272' ThreadID='6292'/><Channel>Microsoft-Windows-WLAN-AutoConfig/Operational</Channel><Computer>DESKTOP-GU6JIV0</Computer><Security UserID='S-1-5-18'/></System><EventData><Data Name='Adapter'>MediaTek MT7921 Wi-Fi 6 802.11ax PCIe Adapter</Data><Data Name='DeviceGuid'>{a0304f17-13b2-4acf-bd88-f45e2426ce92}</Data><Data Name='LocalMac'>14:13:33:C5:8B:E7</Data><Data Name='SSID'>Jones Home</Data><Data Name='BSSType'>Infrastructure</Data><Data Name='ConnectionId'>0x100000001</Data><Data Name='MgmtFrameProtection'>false</Data></EventData></Event><Event xmlns='http://schemas.microsoft.com/win/2004/08/events/event'><System><Provider Name='Microsoft-Windows-WLAN-AutoConfig' Guid='{9580d7dd-0379-4658-9870-d5be7d52d6de}'/><EventID>11010</EventID><Version>0</Version><Level>4</Level><Task>24012</Task><Opcode>200</Opcode><Keywords>0x8000000000000600</Keywords><TimeCreated SystemTime='2026-05-23T20:10:29.8903102Z'/><EventRecordID>17</EventRecordID><Correlation/><Execution ProcessID='6272' ThreadID='6292'/><Channel>Microsoft-Windows-WLAN-AutoConfig/Operational</Channel><Computer>DESKTOP-GU6JIV0</Computer><Security UserID='S-1-5-18'/></System><EventData><Data Name='Adapter'>MediaTek MT7921 Wi-Fi 6 802.11ax PCIe Adapter</Data><Data Name='DeviceGuid'>{a0304f17-13b2-4acf-bd88-f45e2426ce92}</Data><Data Name='LocalMac'>14:13:33:C5:8B:E7</Data><Data Name='SSID'>Jones Home</Data><Data Name='BSSType'>Infrastructure</Data><Data Name='Auth'>WPA2-Personal</Data><Data Name='AuthVal'>7</Data><Data Name='Cipher'>AES-GCMP-128</Data><Data Name='CipherVal'>8</Data><Data Name='FIPSMode'>0</Data><Data Name='OnexEnabled'>0</Data><Data Name='ConnectionId'>0x1</Data></EventData></Event><Event xmlns='http://schemas.microsoft.com/win/2004/08/events/event'><System><Provider Name='Microsoft-Windows-WLAN-AutoConfig' Guid='{9580d7dd-0379-4658-9870-d5be7d52d6de}'/><EventID>11005</EventID><Version>0</Version><Level>4</Level><Task>24012</Task><Opcode>198</Opcode><Keywords>0x8000000000000600</Keywords><TimeCreated SystemTime='2026-05-23T20:10:29.9231367Z'/><EventRecordID>18</EventRecordID><Correlation/><Execution ProcessID='6272' ThreadID='7112'/><Channel>Microsoft-Windows-WLAN-AutoConfig/Operational</Channel><Computer>DESKTOP-GU6JIV0</Computer><Security UserID='S-1-5-18'/></System><EventData><Data Name='Adapter'>MediaTek MT7921 Wi-Fi 6 802.11ax PCIe Adapter</Data><Data Name='DeviceGuid'>{a0304f17-13b2-4acf-bd88-f45e2426ce92}</Data><Data Name='LocalMac'>14:13:33:C5:8B:E7</Data><Data Name='SSID'>Jones Home</Data><Data Name='BSSType'>Infrastructure</Data><Data Name='ConnectionId'>0x1</Data></EventData></Event><Event xmlns='http://schemas.microsoft.com/win/2004/08/events/event'><System><Provider Name='Microsoft-Windows-WLAN-AutoConfig' Guid='{9580d7dd-0379-4658-9870-d5be7d52d6de}'/><EventID>8001</EventID><Version>0</Version><Level>4</Level><Task>24010</Task><Opcode>190</Opcode><Keywords>0x8000000000000600</Keywords><TimeCreated SystemTime='2026-05-23T20:10:29.9327228Z'/><EventRecordID>19</EventRecordID><Correlation/><Execution ProcessID='6272' ThreadID='6292'/><Channel>Microsoft-Windows-WLAN-AutoConfig/Operational</Channel><Computer>DESKTOP-GU6JIV0</Computer><Security UserID='S-1-5-18'/></System><EventData><Data Name='InterfaceGuid'>{a0304f17-13b2-4acf-bd88-f45e2426ce92}</Data><Data Name='InterfaceDescription'>MediaTek MT7921 Wi-Fi 6 802.11ax PCIe Adapter</Data><Data Name='ConnectionMode'>Automatic connection with a profile</Data><Data Name='ProfileName'>Jones Home</Data><Data Name='SSID'>Jones Home</Data><Data Name='BSSType'>Infrastructure</Data><Data Name='PHYType'>802.11ax</Data><Data Name='AuthenticationAlgorithm'>WPA2-Personal</Data><Data Name='CipherAlgorithm'>AES-CCMP</Data><Data Name='OnexEnabled'>0</Data><Data Name='ConnectionId'>0x1</Data><Data Name='NonBroadcast'>false</Data></EventData></Event><Event xmlns='http://schemas.microsoft.com/win/2004/08/events/event'><System><Provider Name='Microsoft-Windows-WLAN-AutoConfig' Guid='{9580d7dd-0379-4658-9870-d5be7d52d6de}'/><EventID>11004</EventID><Version>0</Version><Level>4</Level><Task>24012</Task><Opcode>197</Opcode><Keywords>0x8000000000000600</Keywords><TimeCreated SystemTime='2026-05-23T20:10:57.9676193Z'/><EventRecordID>20</EventRecordID><Correlation/><Execution ProcessID='6272' ThreadID='6292'/><Channel>Microsoft-Windows-WLAN-AutoConfig/Operational</Channel><Computer>DESKTOP-GU6JIV0</Computer><Security UserID='S-1-5-18'/></System><EventData><Data Name='Adapter'>MediaTek MT7921 Wi-Fi 6 802.11ax PCIe Adapter</Data><Data Name='DeviceGuid'>{a0304f17-13b2-4acf-bd88-f45e2426ce92}</Data><Data Name='LocalMac'>14:13:33:C5:8B:E7</Data><Data Name='SSID'>Jones Home</Data><Data Name='BSSType'>Infrastructure</Data><Data Name='SecurityHint'>The operation was successful.</Data><Data Name='SecurityHintCode'>0</Data><Data Name='ConnectionId'>0x1</Data></EventData></Event><Event xmlns='http://schemas.microsoft.com/win/2004/08/events/event'><System><Provider Name='Microsoft-Windows-WLAN-AutoConfig' Guid='{9580d7dd-0379-4658-9870-d5be7d52d6de}'/><EventID>8000</EventID><Version>0</Version><Level>4</Level><Task>24010</Task><Opcode>189</Opcode><Keywords>0x8000000000000600</Keywords><TimeCreated SystemTime='2026-05-23T20:11:34.7762618Z'/><EventRecordID>21</EventRecordID><Correlation/><Execution ProcessID='5328' ThreadID='5540'/><Channel>Microsoft-Windows-WLAN-AutoConfig/Operational</Channel><Computer>DESKTOP-GU6JIV0</Computer><Security UserID='S-1-5-18'/></System><EventData><Data Name='InterfaceGuid'>{a0304f17-13b2-4acf-bd88-f45e2426ce92}</Data><Data Name='InterfaceDescription'>MediaTek MT7921 Wi-Fi 6 802.11ax PCIe Adapter</Data><Data Name='ConnectionMode'>Automatic connection with a profile</Data><Data Name='ProfileName'>Jones Home</Data><Data Name='SSID'>Jones Home</Data><Data Name='BSSType'>Infrastructure</Data><Data Name='ConnectionId'>0x1</Data></EventData></Event><Event xmlns='http://schemas.microsoft.com/win/2004/08/events/event'><System><Provider Name='Microsoft-Windows-WLAN-AutoConfig' Guid='{9580d7dd-0379-4658-9870-d5be7d52d6de}'/><EventID>11000</EventID><Version>0</Version><Level>4</Level><Task>24011</Task><Opcode>193</Opcode><Keywords>0x8000000000000600</Keywords><TimeCreated SystemTime='2026-05-23T20:11:34.8027239Z'/><EventRecordID>22</EventRecordID><Correlation/><Execution ProcessID='5328' ThreadID='6736'/><Channel>Microsoft-Windows-WLAN-AutoConfig/Operational</Channel><Computer>DESKTOP-GU6JIV0</Computer><Security UserID='S-1-5-18'/></System><EventData><Data Name='Adapter'>MediaTek MT7921 Wi-Fi 6 802.11ax PCIe Adapter</Data><Data Name='DeviceGuid'>{a0304f17-13b2-4acf-bd88-f45e2426ce92}</Data><Data Name='LocalMac'>14:13:33:C5:8B:E7</Data><Data Name='SSID'>Jones Home</Data><Data Name='BSSType'>Infrastructure</Data><Data Name='Auth'>WPA2-Personal</Data><Data Name='Cipher'>AES-GCMP-128</Data><Data Name='OnexEnabled'>0</Data><Data Name='IhvConnectivitySetting'></Data><Data Name='ConnectionId'>0x1</Data></EventData></Event><Event xmlns='http://schemas.microsoft.com/win/2004/08/events/event'><System><Provider Name='Microsoft-Windows-WLAN-AutoConfig' Guid='{9580d7dd-0379-4658-9870-d5be7d52d6de}'/><EventID>11001</EventID><Version>0</Version><Level>4</Level><Task>24011</Task><Opcode>194</Opcode><Keywords>0x8000000000000600</Keywords><TimeCreated SystemTime='2026-05-23T20:11:35.1167866Z'/><EventRecordID>23</EventRecordID><Correlation/><Execution ProcessID='5328' ThreadID='6736'/><Channel>Microsoft-Windows-WLAN-AutoConfig/Operational</Channel><Computer>DESKTOP-GU6JIV0</Computer><Security UserID='S-1-5-18'/></System><EventData><Data Name='Adapter'>MediaTek MT7921 Wi-Fi 6 802.11ax PCIe Adapter</Data><Data Name='DeviceGuid'>{a0304f17-13b2-4acf-bd88-f45e2426ce92}</Data><Data Name='LocalMac'>14:13:33:C5:8B:E7</Data><Data Name='SSID'>Jones Home</Data><Data Name='BSSType'>Infrastructure</Data><Data Name='ConnectionId'>0x100000001</Data><Data Name='MgmtFrameProtection'>false</Data></EventData></Event><Event xmlns='http://schemas.microsoft.com/win/2004/08/events/event'><System><Provider Name='Microsoft-Windows-WLAN-AutoConfig' Guid='{9580d7dd-0379-4658-9870-d5be7d52d6de}'/><EventID>11010</EventID><Version>0</Version><Level>4</Level><Task>24012</Task><Opcode>200</Opcode><Keywords>0x8000000000000600</Keywords><TimeCreated SystemTime='2026-05-23T20:11:35.1167927Z'/><EventRecordID>24</EventRecordID><Correlation/><Execution ProcessID='5328' ThreadID='6736'/><Channel>Microsoft-Windows-WLAN-AutoConfig/Operational</Channel><Computer>DESKTOP-GU6JIV0</Computer><Security UserID='S-1-5-18'/></System><EventData><Data Name='Adapter'>MediaTek MT7921 Wi-Fi 6 802.11ax PCIe Adapter</Data><Data Name='DeviceGuid'>{a0304f17-13b2-4acf-bd88-f45e2426ce92}</Data><Data Name='LocalMac'>14:13:33:C5:8B:E7</Data><Data Name='SSID'>Jones Home</Data><Data Name='BSSType'>Infrastructure</Data><Data Name='Auth'>WPA2-Personal</Data><Data Name='AuthVal'>7</Data><Data Name='Cipher'>AES-GCMP-128</Data><Data Name='CipherVal'>8</Data><Data Name='FIPSMode'>0</Data><Data Name='OnexEnabled'>0</Data><Data Name='ConnectionId'>0x1</Data></EventData></Event><Event xmlns='http://schemas.microsoft.com/win/2004/08/events/event'><System><Provider Name='Microsoft-Windows-WLAN-AutoConfig' Guid='{9580d7dd-0379-4658-9870-d5be7d52d6de}'/><EventID>11005</EventID><Version>0</Version><Level>4</Level><Task>24012</Task><Opcode>198</Opcode><Keywords>0x8000000000000600</Keywords><TimeCreated SystemTime='2026-05-23T20:11:35.1482446Z'/><EventRecordID>25</EventRecordID><Correlation/><Execution ProcessID='5328' ThreadID='6732'/><Channel>Microsoft-Windows-WLAN-AutoConfig/Operational</Channel><Computer>DESKTOP-GU6JIV0</Computer><Security UserID='S-1-5-18'/></System><EventData><Data Name='Adapter'>MediaTek MT7921 Wi-Fi 6 802.11ax PCIe Adapter</Data><Data Name='DeviceGuid'>{a0304f17-13b2-4acf-bd88-f45e2426ce92}</Data><Data Name='LocalMac'>14:13:33:C5:8B:E7</Data><Data Name='SSID'>Jones Home</Data><Data Name='BSSType'>Infrastructure</Data><Data Name='ConnectionId'>0x1</Data></EventData></Event><Event xmlns='http://schemas.microsoft.com/win/2004/08/events/event'><System><Provider Name='Microsoft-Windows-WLAN-AutoConfig' Guid='{9580d7dd-0379-4658-9870-d5be7d52d6de}'/><EventID>8001</EventID><Version>0</Version><Level>4</Level><Task>24010</Task><Opcode>190</Opcode><Keywords>0x8000000000000600</Keywords><TimeCreated SystemTime='2026-05-23T20:11:35.1554348Z'/><EventRecordID>26</EventRecordID><Correlation/><Execution ProcessID='5328' ThreadID='6720'/><Channel>Microsoft-Windows-WLAN-AutoConfig/Operational</Channel><Computer>DESKTOP-GU6JIV0</Computer><Security UserID='S-1-5-18'/></System><EventData><Data Name='InterfaceGuid'>{a0304f17-13b2-4acf-bd88-f45e2426ce92}</Data><Data Name='InterfaceDescription'>MediaTek MT7921 Wi-Fi 6 802.11ax PCIe Adapter</Data><Data Name='ConnectionMode'>Automatic connection with a profile</Data><Data Name='ProfileName'>Jones Home</Data><Data Name='SSID'>Jones Home</Data><Data Name='BSSType'>Infrastructure</Data><Data Name='PHYType'>802.11ax</Data><Data Name='AuthenticationAlgorithm'>WPA2-Personal</Data><Data Name='CipherAlgorithm'>AES-CCMP</Data><Data Name='OnexEnabled'>0</Data><Data Name='ConnectionId'>0x1</Data><Data Name='NonBroadcast'>false</Data></EventData></Event><Event xmlns='http://schemas.microsoft.com/win/2004/08/events/event'><System><Provider Name='Microsoft-Windows-WLAN-AutoConfig' Guid='{9580d7dd-0379-4658-9870-d5be7d52d6de}'/><EventID>11004</EventID><Version>0</Version><Level>4</Level><Task>24012</Task><Opcode>197</Opcode><Keywords>0x8000000000000600</Keywords><TimeCreated SystemTime='2026-05-23T20:13:01.5031987Z'/><EventRecordID>27</EventRecordID><Correlation/><Execution ProcessID='5328' ThreadID='6736'/><Channel>Microsoft-Windows-WLAN-AutoConfig/Operational</Channel><Computer>DESKTOP-GU6JIV0</Computer><Security UserID='S-1-5-18'/></System><EventData><Data Name='Adapter'>MediaTek MT7921 Wi-Fi 6 802.11ax PCIe Adapter</Data><Data Name='DeviceGuid'>{a0304f17-13b2-4acf-bd88-f45e2426ce92}</Data><Data Name='LocalMac'>14:13:33:C5:8B:E7</Data><Data Name='SSID'>Jones Home</Data><Data Name='BSSType'>Infrastructure</Data><Data Name='SecurityHint'>The operation was successful.</Data><Data Name='SecurityHintCode'>0</Data><Data Name='ConnectionId'>0x1</Data></EventData></Event><Event xmlns='http://schemas.microsoft.com/win/2004/08/events/event'><System><Provider Name='Microsoft-Windows-WLAN-AutoConfig' Guid='{9580d7dd-0379-4658-9870-d5be7d52d6de}'/><EventID>8003</EventID><Version>0</Version><Level>4</Level><Task>24010</Task><Opcode>192</Opcode><Keywords>0x8000000000000600</Keywords><TimeCreated SystemTime='2026-05-23T20:13:01.5128403Z'/><EventRecordID>28</EventRecordID><Correlation/><Execution ProcessID='5328' ThreadID='6716'/><Channel>Microsoft-Windows-WLAN-AutoConfig/Operational</Channel><Computer>DESKTOP-GU6JIV0</Computer><Security UserID='S-1-5-18'/></System><EventData><Data Name='InterfaceGuid'>{a0304f17-13b2-4acf-bd88-f45e2426ce92}</Data><Data Name='InterfaceDescription'>MediaTek MT7921 Wi-Fi 6 802.11ax PCIe Adapter</Data><Data Name='ConnectionMode'>Automatic connection with a profile</Data><Data Name='ProfileName'>Jones Home</Data><Data Name='SSID'>Jones Home</Data><Data Name='BSSType'>Infrastructure</Data><Data Name='Reason'>The network is disconnected due to a policy disabling auto connect on this interface.</Data><Data Name='ConnectionId'>0x1</Data><Data Name='ReasonCode'>5</Data></EventData></Event><Event xmlns='http://schemas.microsoft.com/win/2004/08/events/event'><System><Provider Name='Microsoft-Windows-WLAN-AutoConfig' Guid='{9580d7dd-0379-4658-9870-d5be7d52d6de}'/><EventID>8000</EventID><Version>0</Version><Level>4</Level><Task>24010</Task><Opcode>189</Opcode><Keywords>0x8000000000000600</Keywords><TimeCreated SystemTime='2026-05-23T20:16:13.1990204Z'/><EventRecordID>29</EventRecordID><Correlation/><Execution ProcessID='5328' ThreadID='6736'/><Channel>Microsoft-Windows-WLAN-AutoConfig/Operational</Channel><Computer>DESKTOP-GU6JIV0</Computer><Security UserID='S-1-5-18'/></System><EventData><Data Name='InterfaceGuid'>{a0304f17-13b2-4acf-bd88-f45e2426ce92}</Data><Data Name='InterfaceDescription'>MediaTek MT7921 Wi-Fi 6 802.11ax PCIe Adapter</Data><Data Name='ConnectionMode'>Manual connection with a profile</Data><Data Name='ProfileName'>Jones Home</Data><Data Name='SSID'>Jones Home</Data><Data Name='BSSType'>Infrastructure</Data><Data Name='ConnectionId'>0x2</Data></EventData></Event><Event xmlns='http://schemas.microsoft.com/win/2004/08/events/event'><System><Provider Name='Microsoft-Windows-WLAN-AutoConfig' Guid='{9580d7dd-0379-4658-9870-d5be7d52d6de}'/><EventID>11000</EventID><Version>0</Version><Level>4</Level><Task>24011</Task><Opcode>193</Opcode><Keywords>0x8000000000000600</Keywords><TimeCreated SystemTime='2026-05-23T20:16:13.2618236Z'/><EventRecordID>30</EventRecordID><Correlation/><Execution ProcessID='5328' ThreadID='6716'/><Channel>Microsoft-Windows-WLAN-AutoConfig/Operational</Channel><Computer>DESKTOP-GU6JIV0</Computer><Security UserID='S-1-5-18'/></System><EventData><Data Name='Adapter'>MediaTek MT7921 Wi-Fi 6 802.11ax PCIe Adapter</Data><Data Name='DeviceGuid'>{a0304f17-13b2-4acf-bd88-f45e2426ce92}</Data><Data Name='LocalMac'>14:13:33:C5:8B:E7</Data><Data Name='SSID'>Jones Home</Data><Data Name='BSSType'>Infrastructure</Data><Data Name='Auth'>WPA2-Personal</Data><Data Name='Cipher'>AES-GCMP-128</Data><Data Name='OnexEnabled'>0</Data><Data Name='IhvConnectivitySetting'></Data><Data Name='ConnectionId'>0x2</Data></EventData></Event><Event xmlns='http://schemas.microsoft.com/win/2004/08/events/event'><System><Provider Name='Microsoft-Windows-WLAN-AutoConfig' Guid='{9580d7dd-0379-4658-9870-d5be7d52d6de}'/><EventID>11001</EventID><Version>0</Version><Level>4</Level><Task>24011</Task><Opcode>194</Opcode><Keywords>0x8000000000000600</Keywords><TimeCreated SystemTime='2026-05-23T20:16:13.3775456Z'/><EventRecordID>31</EventRecordID><Correlation/><Execution ProcessID='5328' ThreadID='5540'/><Channel>Microsoft-Windows-WLAN-AutoConfig/Operational</Channel><Computer>DESKTOP-GU6JIV0</Computer><Security UserID='S-1-5-18'/></System><EventData><Data Name='Adapter'>MediaTek MT7921 Wi-Fi 6 802.11ax PCIe Adapter</Data><Data Name='DeviceGuid'>{a0304f17-13b2-4acf-bd88-f45e2426ce92}</Data><Data Name='LocalMac'>14:13:33:C5:8B:E7</Data><Data Name='SSID'>Jones Home</Data><Data Name='BSSType'>Infrastructure</Data><Data Name='ConnectionId'>0x200000001</Data><Data Name='MgmtFrameProtection'>false</Data></EventData></Event><Event xmlns='http://schemas.microsoft.com/win/2004/08/events/event'><System><Provider Name='Microsoft-Windows-WLAN-AutoConfig' Guid='{9580d7dd-0379-4658-9870-d5be7d52d6de}'/><EventID>11010</EventID><Version>0</Version><Level>4</Level><Task>24012</Task><Opcode>200</Opcode><Keywords>0x8000000000000600</Keywords><TimeCreated SystemTime='2026-05-23T20:16:13.3775515Z'/><EventRecordID>32</EventRecordID><Correlation/><Execution ProcessID='5328' ThreadID='5540'/><Channel>Microsoft-Windows-WLAN-AutoConfig/Operational</Channel><Computer>DESKTOP-GU6JIV0</Computer><Security UserID='S-1-5-18'/></System><EventData><Data Name='Adapter'>MediaTek MT7921 Wi-Fi 6 802.11ax PCIe Adapter</Data><Data Name='DeviceGuid'>{a0304f17-13b2-4acf-bd88-f45e2426ce92}</Data><Data Name='LocalMac'>14:13:33:C5:8B:E7</Data><Data Name='SSID'>Jones Home</Data><Data Name='BSSType'>Infrastructure</Data><Data Name='Auth'>WPA2-Personal</Data><Data Name='AuthVal'>7</Data><Data Name='Cipher'>AES-GCMP-128</Data><Data Name='CipherVal'>8</Data><Data Name='FIPSMode'>0</Data><Data Name='OnexEnabled'>0</Data><Data Name='ConnectionId'>0x2</Data></EventData></Event><Event xmlns='http://schemas.microsoft.com/win/2004/08/events/event'><System><Provider Name='Microsoft-Windows-WLAN-AutoConfig' Guid='{9580d7dd-0379-4658-9870-d5be7d52d6de}'/><EventID>11005</EventID><Version>0</Version><Level>4</Level><Task>24012</Task><Opcode>198</Opcode><Keywords>0x8000000000000600</Keywords><TimeCreated SystemTime='2026-05-23T20:16:13.4118271Z'/><EventRecordID>33</EventRecordID><Correlation/><Execution ProcessID='5328' ThreadID='6720'/><Channel>Microsoft-Windows-WLAN-AutoConfig/Operational</Channel><Computer>DESKTOP-GU6JIV0</Computer><Security UserID='S-1-5-18'/></System><EventData><Data Name='Adapter'>MediaTek MT7921 Wi-Fi 6 802.11ax PCIe Adapter</Data><Data Name='DeviceGuid'>{a0304f17-13b2-4acf-bd88-f45e2426ce92}</Data><Data Name='LocalMac'>14:13:33:C5:8B:E7</Data><Data Name='SSID'>Jones Home</Data><Data Name='BSSType'>Infrastructure</Data><Data Name='ConnectionId'>0x2</Data></EventData></Event><Event xmlns='http://schemas.microsoft.com/win/2004/08/events/event'><System><Provider Name='Microsoft-Windows-WLAN-AutoConfig' Guid='{9580d7dd-0379-4658-9870-d5be7d52d6de}'/><EventID>8001</EventID><Version>0</Version><Level>4</Level><Task>24010</Task><Opcode>190</Opcode><Keywords>0x8000000000000600</Keywords><TimeCreated SystemTime='2026-05-23T20:16:13.4238345Z'/><EventRecordID>34</EventRecordID><Correlation/><Execution ProcessID='5328' ThreadID='5360'/><Channel>Microsoft-Windows-WLAN-AutoConfig/Operational</Channel><Computer>DESKTOP-GU6JIV0</Computer><Security UserID='S-1-5-18'/></System><EventData><Data Name='InterfaceGuid'>{a0304f17-13b2-4acf-bd88-f45e2426ce92}</Data><Data Name='InterfaceDescription'>MediaTek MT7921 Wi-Fi 6 802.11ax PCIe Adapter</Data><Data Name='ConnectionMode'>Manual connection with a profile</Data><Data Name='ProfileName'>Jones Home</Data><Data Name='SSID'>Jones Home</Data><Data Name='BSSType'>Infrastructure</Data><Data Name='PHYType'>802.11ax</Data><Data Name='AuthenticationAlgorithm'>WPA2-Personal</Data><Data Name='CipherAlgorithm'>AES-CCMP</Data><Data Name='OnexEnabled'>0</Data><Data Name='ConnectionId'>0x2</Data><Data Name='NonBroadcast'>false</Data></EventData></Event><Event xmlns='http://schemas.microsoft.com/win/2004/08/events/event'><System><Provider Name='Microsoft-Windows-WLAN-AutoConfig' Guid='{9580d7dd-0379-4658-9870-d5be7d52d6de}'/><EventID>11004</EventID><Version>0</Version><Level>4</Level><Task>24012</Task><Opcode>197</Opcode><Keywords>0x8000000000000600</Keywords><TimeCreated SystemTime='2026-05-23T20:25:09.4644619Z'/><EventRecordID>35</EventRecordID><Correlation/><Execution ProcessID='5328' ThreadID='5540'/><Channel>Microsoft-Windows-WLAN-AutoConfig/Operational</Channel><Computer>DESKTOP-GU6JIV0</Computer><Security UserID='S-1-5-18'/></System><EventData><Data Name='Adapter'>MediaTek MT7921 Wi-Fi 6 802.11ax PCIe Adapter</Data><Data Name='DeviceGuid'>{a0304f17-13b2-4acf-bd88-f45e2426ce92}</Data><Data Name='LocalMac'>14:13:33:C5:8B:E7</Data><Data Name='SSID'>Jones Home</Data><Data Name='BSSType'>Infrastructure</Data><Data Name='SecurityHint'>The operation was successful.</Data><Data Name='SecurityHintCode'>0</Data><Data Name='ConnectionId'>0x2</Data></EventData></Event><Event xmlns='http://schemas.microsoft.com/win/2004/08/events/event'><System><Provider Name='Microsoft-Windows-WLAN-AutoConfig' Guid='{9580d7dd-0379-4658-9870-d5be7d52d6de}'/><EventID>8000</EventID><Version>0</Version><Level>4</Level><Task>24010</Task><Opcode>189</Opcode><Keywords>0x8000000000000600</Keywords><TimeCreated SystemTime='2026-05-23T20:25:48.6337024Z'/><EventRecordID>36</EventRecordID><Correlation/><Execution ProcessID='5348' ThreadID='5556'/><Channel>Microsoft-Windows-WLAN-AutoConfig/Operational</Channel><Computer>DESKTOP-GU6JIV0</Computer><Security UserID='S-1-5-18'/></System><EventData><Data Name='InterfaceGuid'>{a0304f17-13b2-4acf-bd88-f45e2426ce92}</Data><Data Name='InterfaceDescription'>MediaTek MT7921 Wi-Fi 6 802.11ax PCIe Adapter</Data><Data Name='ConnectionMode'>Automatic connection with a profile</Data><Data Name='ProfileName'>Jones Home</Data><Data Name='SSID'>Jones Home</Data><Data Name='BSSType'>Infrastructure</Data><Data Name='ConnectionId'>0x1</Data></EventData></Event><Event xmlns='http://schemas.microsoft.com/win/2004/08/events/event'><System><Provider Name='Microsoft-Windows-WLAN-AutoConfig' Guid='{9580d7dd-0379-4658-9870-d5be7d52d6de}'/><EventID>11000</EventID><Version>0</Version><Level>4</Level><Task>24011</Task><Opcode>193</Opcode><Keywords>0x8000000000000600</Keywords><TimeCreated SystemTime='2026-05-23T20:25:48.6386470Z'/><EventRecordID>37</EventRecordID><Correlation/><Execution ProcessID='5348' ThreadID='5556'/><Channel>Microsoft-Windows-WLAN-AutoConfig/Operational</Channel><Computer>DESKTOP-GU6JIV0</Computer><Security UserID='S-1-5-18'/></System><EventData><Data Name='Adapter'>MediaTek MT7921 Wi-Fi 6 802.11ax PCIe Adapter</Data><Data Name='DeviceGuid'>{a0304f17-13b2-4acf-bd88-f45e2426ce92}</Data><Data Name='LocalMac'>14:13:33:C5:8B:E7</Data><Data Name='SSID'>Jones Home</Data><Data Name='BSSType'>Infrastructure</Data><Data Name='Auth'>WPA2-Personal</Data><Data Name='Cipher'>AES-GCMP-128</Data><Data Name='OnexEnabled'>0</Data><Data Name='IhvConnectivitySetting'></Data><Data Name='ConnectionId'>0x1</Data></EventData></Event><Event xmlns='http://schemas.microsoft.com/win/2004/08/events/event'><System><Provider Name='Microsoft-Windows-WLAN-AutoConfig' Guid='{9580d7dd-0379-4658-9870-d5be7d52d6de}'/><EventID>11001</EventID><Version>0</Version><Level>4</Level><Task>24011</Task><Opcode>194</Opcode><Keywords>0x8000000000000600</Keywords><TimeCreated SystemTime='2026-05-23T20:25:48.9165421Z'/><EventRecordID>38</EventRecordID><Correlation/><Execution ProcessID='5348' ThreadID='5556'/><Channel>Microsoft-Windows-WLAN-AutoConfig/Operational</Channel><Computer>DESKTOP-GU6JIV0</Computer><Security UserID='S-1-5-18'/></System><EventData><Data Name='Adapter'>MediaTek MT7921 Wi-Fi 6 802.11ax PCIe Adapter</Data><Data Name='DeviceGuid'>{a0304f17-13b2-4acf-bd88-f45e2426ce92}</Data><Data Name='LocalMac'>14:13:33:C5:8B:E7</Data><Data Name='SSID'>Jones Home</Data><Data Name='BSSType'>Infrastructure</Data><Data Name='ConnectionId'>0x100000001</Data><Data Name='MgmtFrameProtection'>false</Data></EventData></Event><Event xmlns='http://schemas.microsoft.com/win/2004/08/events/event'><System><Provider Name='Microsoft-Windows-WLAN-AutoConfig' Guid='{9580d7dd-0379-4658-9870-d5be7d52d6de}'/><EventID>11010</EventID><Version>0</Version><Level>4</Level><Task>24012</Task><Opcode>200</Opcode><Keywords>0x8000000000000600</Keywords><TimeCreated SystemTime='2026-05-23T20:25:48.9165503Z'/><EventRecordID>39</EventRecordID><Correlation/><Execution ProcessID='5348' ThreadID='5556'/><Channel>Microsoft-Windows-WLAN-AutoConfig/Operational</Channel><Computer>DESKTOP-GU6JIV0</Computer><Security UserID='S-1-5-18'/></System><EventData><Data Name='Adapter'>MediaTek MT7921 Wi-Fi 6 802.11ax PCIe Adapter</Data><Data Name='DeviceGuid'>{a0304f17-13b2-4acf-bd88-f45e2426ce92}</Data><Data Name='LocalMac'>14:13:33:C5:8B:E7</Data><Data Name='SSID'>Jones Home</Data><Data Name='BSSType'>Infrastructure</Data><Data Name='Auth'>WPA2-Personal</Data><Data Name='AuthVal'>7</Data><Data Name='Cipher'>AES-GCMP-128</Data><Data Name='CipherVal'>8</Data><Data Name='FIPSMode'>0</Data><Data Name='OnexEnabled'>0</Data><Data Name='ConnectionId'>0x1</Data></EventData></Event><Event xmlns='http://schemas.microsoft.com/win/2004/08/events/event'><System><Provider Name='Microsoft-Windows-WLAN-AutoConfig' Guid='{9580d7dd-0379-4658-9870-d5be7d52d6de}'/><EventID>11005</EventID><Version>0</Version><Level>4</Level><Task>24012</Task><Opcode>198</Opcode><Keywords>0x8000000000000600</Keywords><TimeCreated SystemTime='2026-05-23T20:25:48.9500367Z'/><EventRecordID>40</EventRecordID><Correlation/><Execution ProcessID='5348' ThreadID='5556'/><Channel>Microsoft-Windows-WLAN-AutoConfig/Operational</Channel><Computer>DESKTOP-GU6JIV0</Computer><Security UserID='S-1-5-18'/></System><EventData><Data Name='Adapter'>MediaTek MT7921 Wi-Fi 6 802.11ax PCIe Adapter</Data><Data Name='DeviceGuid'>{a0304f17-13b2-4acf-bd88-f45e2426ce92}</Data><Data Name='LocalMac'>14:13:33:C5:8B:E7</Data><Data Name='SSID'>Jones Home</Data><Data Name='BSSType'>Infrastructure</Data><Data Name='ConnectionId'>0x1</Data></EventData></Event><Event xmlns='http://schemas.microsoft.com/win/2004/08/events/event'><System><Provider Name='Microsoft-Windows-WLAN-AutoConfig' Guid='{9580d7dd-0379-4658-9870-d5be7d52d6de}'/><EventID>8001</EventID><Version>0</Version><Level>4</Level><Task>24010</Task><Opcode>190</Opcode><Keywords>0x8000000000000600</Keywords><TimeCreated SystemTime='2026-05-23T20:25:48.9580446Z'/><EventRecordID>41</EventRecordID><Correlation/><Execution ProcessID='5348' ThreadID='6820'/><Channel>Microsoft-Windows-WLAN-AutoConfig/Operational</Channel><Computer>DESKTOP-GU6JIV0</Computer><Security UserID='S-1-5-18'/></System><EventData><Data Name='InterfaceGuid'>{a0304f17-13b2-4acf-bd88-f45e2426ce92}</Data><Data Name='InterfaceDescription'>MediaTek MT7921 Wi-Fi 6 802.11ax PCIe Adapter</Data><Data Name='ConnectionMode'>Automatic connection with a profile</Data><Data Name='ProfileName'>Jones Home</Data><Data Name='SSID'>Jones Home</Data><Data Name='BSSType'>Infrastructure</Data><Data Name='PHYType'>802.11ax</Data><Data Name='AuthenticationAlgorithm'>WPA2-Personal</Data><Data Name='CipherAlgorithm'>AES-CCMP</Data><Data Name='OnexEnabled'>0</Data><Data Name='ConnectionId'>0x1</Data><Data Name='NonBroadcast'>false</Data></EventData></Event><Event xmlns='http://schemas.microsoft.com/win/2004/08/events/event'><System><Provider Name='Microsoft-Windows-WLAN-AutoConfig' Guid='{9580d7dd-0379-4658-9870-d5be7d52d6de}'/><EventID>8000</EventID><Version>0</Version><Level>4</Level><Task>24010</Task><Opcode>189</Opcode><Keywords>0x8000000000000600</Keywords><TimeCreated SystemTime='2026-05-24T10:07:15.0470788Z'/><EventRecordID>42</EventRecordID><Correlation/><Execution ProcessID='5248' ThreadID='5272'/><Channel>Microsoft-Windows-WLAN-AutoConfig/Operational</Channel><Computer>DESKTOP-GU6JIV0</Computer><Security UserID='S-1-5-18'/></System><EventData><Data Name='InterfaceGuid'>{a0304f17-13b2-4acf-bd88-f45e2426ce92}</Data><Data Name='InterfaceDescription'>MediaTek MT7921 Wi-Fi 6 802.11ax PCIe Adapter</Data><Data Name='ConnectionMode'>Connection to an unsecure network without a profile</Data><Data Name='ProfileName'>Airport Public Wi-Fi</Data><Data Name='SSID'>Airport Public Wi-Fi</Data><Data Name='BSSType'>Infrastructure</Data><Data Name='ConnectionId'>0x1</Data></EventData></Event><Event xmlns='http://schemas.microsoft.com/win/2004/08/events/event'><System><Provider Name='Microsoft-Windows-WLAN-AutoConfig' Guid='{9580d7dd-0379-4658-9870-d5be7d52d6de}'/><EventID>11000</EventID><Version>0</Version><Level>4</Level><Task>24011</Task><Opcode>193</Opcode><Keywords>0x8000000000000600</Keywords><TimeCreated SystemTime='2026-05-24T10:07:15.1133121Z'/><EventRecordID>43</EventRecordID><Correlation/><Execution ProcessID='5248' ThreadID='5452'/><Channel>Microsoft-Windows-WLAN-AutoConfig/Operational</Channel><Computer>DESKTOP-GU6JIV0</Computer><Security UserID='S-1-5-18'/></System><EventData><Data Name='Adapter'>MediaTek MT7921 Wi-Fi 6 802.11ax PCIe Adapter</Data><Data Name='DeviceGuid'>{a0304f17-13b2-4acf-bd88-f45e2426ce92}</Data><Data Name='LocalMac'>14:13:33:C5:8B:E7</Data><Data Name='SSID'>Airport Public Wi-Fi</Data><Data Name='BSSType'>Infrastructure</Data><Data Name='Auth'>Open</Data><Data Name='Cipher'>None</Data><Data Name='OnexEnabled'>0</Data><Data Name='IhvConnectivitySetting'></Data><Data Name='ConnectionId'>0x2</Data></EventData></Event><Event xmlns='http://schemas.microsoft.com/win/2004/08/events/event'><System><Provider Name='Microsoft-Windows-WLAN-AutoConfig' Guid='{9580d7dd-0379-4658-9870-d5be7d52d6de}'/><EventID>11001</EventID><Version>0</Version><Level>4</Level><Task>24011</Task><Opcode>194</Opcode><Keywords>0x8000000000000600</Keywords><TimeCreated SystemTime='2026-05-24T10:07:15.5879357Z'/><EventRecordID>44</EventRecordID><Correlation/><Execution ProcessID='5248' ThreadID='17764'/><Channel>Microsoft-Windows-WLAN-AutoConfig/Operational</Channel><Computer>DESKTOP-GU6JIV0</Computer><Security UserID='S-1-5-18'/></System><EventData><Data Name='Adapter'>MediaTek MT7921 Wi-Fi 6 802.11ax PCIe Adapter</Data><Data Name='DeviceGuid'>{a0304f17-13b2-4acf-bd88-f45e2426ce92}</Data><Data Name='LocalMac'>14:13:33:C5:8B:E7</Data><Data Name='SSID'>Airport Public Wi-Fi</Data><Data Name='BSSType'>Infrastructure</Data><Data Name='ConnectionId'>0x200000000</Data><Data Name='MgmtFrameProtection'>false</Data></EventData></Event><Event xmlns='http://schemas.microsoft.com/win/2004/08/events/event'><System><Provider Name='Microsoft-Windows-WLAN-AutoConfig' Guid='{9580d7dd-0379-4658-9870-d5be7d52d6de}'/><EventID>11010</EventID><Version>0</Version><Level>4</Level><Task>24012</Task><Opcode>200</Opcode><Keywords>0x8000000000000600</Keywords><TimeCreated SystemTime='2026-05-24T10:07:15.5879517Z'/><EventRecordID>45</EventRecordID><Correlation/><Execution ProcessID='5248' ThreadID='17764'/><Channel>Microsoft-Windows-WLAN-AutoConfig/Operational</Channel><Computer>DESKTOP-GU6JIV0</Computer><Security UserID='S-1-5-18'/></System><EventData><Data Name='Adapter'>MediaTek MT7921 Wi-Fi 6 802.11ax PCIe Adapter</Data><Data Name='DeviceGuid'>{a0304f17-13b2-4acf-bd88-f45e2426ce92}</Data><Data Name='LocalMac'>14:13:33:C5:8B:E7</Data><Data Name='SSID'>Airport Public Wi-Fi</Data><Data Name='BSSType'>Infrastructure</Data><Data Name='Auth'>Open</Data><Data Name='AuthVal'>1</Data><Data Name='Cipher'>None</Data><Data Name='CipherVal'>0</Data><Data Name='FIPSMode'>0</Data><Data Name='OnexEnabled'>0</Data><Data Name='ConnectionId'>0x2</Data></EventData></Event><Event xmlns='http://schemas.microsoft.com/win/2004/08/events/event'><System><Provider Name='Microsoft-Windows-WLAN-AutoConfig' Guid='{9580d7dd-0379-4658-9870-d5be7d52d6de}'/><EventID>11005</EventID><Version>0</Version><Level>4</Level><Task>24012</Task><Opcode>198</Opcode><Keywords>0x8000000000000600</Keywords><TimeCreated SystemTime='2026-05-24T10:07:15.5882324Z'/><EventRecordID>46</EventRecordID><Correlation/><Execution ProcessID='5248' ThreadID='7760'/><Channel>Microsoft-Windows-WLAN-AutoConfig/Operational</Channel><Computer>DESKTOP-GU6JIV0</Computer><Security UserID='S-1-5-18'/></System><EventData><Data Name='Adapter'>MediaTek MT7921 Wi-Fi 6 802.11ax PCIe Adapter</Data><Data Name='DeviceGuid'>{a0304f17-13b2-4acf-bd88-f45e2426ce92}</Data><Data Name='LocalMac'>14:13:33:C5:8B:E7</Data><Data Name='SSID'>Airport Public Wi-Fi</Data><Data Name='BSSType'>Infrastructure</Data><Data Name='ConnectionId'>0x2</Data></EventData></Event><Event xmlns='http://schemas.microsoft.com/win/2004/08/events/event'><System><Provider Name='Microsoft-Windows-WLAN-AutoConfig' Guid='{9580d7dd-0379-4658-9870-d5be7d52d6de}'/><EventID>8001</EventID><Version>0</Version><Level>4</Level><Task>24010</Task><Opcode>190</Opcode><Keywords>0x8000000000000600</Keywords><TimeCreated SystemTime='2026-05-24T10:07:15.6720861Z'/><EventRecordID>47</EventRecordID><Correlation/><Execution ProcessID='5248' ThreadID='18436'/><Channel>Microsoft-Windows-WLAN-AutoConfig/Operational</Channel><Computer>DESKTOP-GU6JIV0</Computer><Security UserID='S-1-5-18'/></System><EventData><Data Name='InterfaceGuid'>{a0304f17-13b2-4acf-bd88-f45e2426ce92}</Data><Data Name='InterfaceDescription'>MediaTek MT7921 Wi-Fi 6 802.11ax PCIe Adapter</Data><Data Name='ConnectionMode'>Connection to an unsecure network without a profile</Data><Data Name='ProfileName'>Airport Public Wi-Fi</Data><Data Name='SSID'>Airport Public Wi-Fi</Data><Data Name='BSSType'>Infrastructure</Data><Data Name='PHYType'>802.11ax</Data><Data Name='AuthenticationAlgorithm'>Open</Data><Data Name='CipherAlgorithm'>None</Data><Data Name='OnexEnabled'>0</Data><Data Name='ConnectionId'>0x2</Data><Data Name='NonBroadcast'>false</Data></EventData></Event>