<Event xmlns='http://schemas.microsoft.com/win/2004/08/events/event'><System><Provider Name='Microsoft-Windows-WLAN-AutoConfig' Guid='{9580d7dd-0379-4658-9870-d5be7d52d6de}'/><EventID>11004</EventID><Version>0</Version><Level>4</Level><Task>24012</Task><Opcode>197</Opcode><Keywords>0x8000000000000600</Keywords><TimeCreated SystemTime='2026-05-24T10:10:21.0550394Z'/><EventRecordID>48</EventRecordID><Correlation/><Execution ProcessID='5248' ThreadID='11616'/><Channel>Microsoft-Windows-WLAN-AutoConfig/Operational</Channel><Computer>DESKTOP-GU6JIV0</Computer><Security UserID='S-1-5-18'/></System><EventData><Data Name='Adapter'>MediaTek MT7921 Wi-Fi 6 802.11ax PCIe Adapter</Data><Data Name='DeviceGuid'>{a0304f17-13b2-4acf-bd88-f45e2426ce92}</Data><Data Name='LocalMac'>14:13:33:C5:8B:E7</Data><Data Name='SSID'>Airport Public Wi-Fi</Data><Data Name='BSSType'>Infrastructure</Data><Data Name='SecurityHint'>The operation was successful.</Data><Data Name='SecurityHintCode'>0</Data><Data Name='ConnectionId'>0x2</Data></EventData></Event><Event xmlns='http://schemas.microsoft.com/win/2004/08/events/event'><System><Provider Name='Microsoft-Windows-WLAN-AutoConfig' Guid='{9580d7dd-0379-4658-9870-d5be7d52d6de}'/><EventID>8003</EventID><Version>0</Version><Level>4</Level><Task>24010</Task><Opcode>192</Opcode><Keywords>0x8000000000000600</Keywords><TimeCreated SystemTime='2026-05-24T10:10:21.0901498Z'/><EventRecordID>49</EventRecordID><Correlation/><Execution ProcessID='5248' ThreadID='7704'/><Channel>Microsoft-Windows-WLAN-AutoConfig/Operational</Channel><Computer>DESKTOP-GU6JIV0</Computer><Security UserID='S-1-5-18'/></System><EventData><Data Name='InterfaceGuid'>{a0304f17-13b2-4acf-bd88-f45e2426ce92}</Data><Data Name='InterfaceDescription'>MediaTek MT7921 Wi-Fi 6 802.11ax PCIe Adapter</Data><Data Name='ConnectionMode'>Manual connection with a profile</Data><Data Name='ProfileName'>Airport Public Wi-Fi</Data><Data Name='SSID'>Airport Public Wi-Fi</Data><Data Name='BSSType'>Infrastructure</Data><Data Name='Reason'>The network is disconnected due to an Operation state change request on this interface</Data><Data Name='ConnectionId'>0x2</Data><Data Name='ReasonCode'>11</Data></EventData></Event><Event xmlns='http://schemas.microsoft.com/win/2004/08/events/event'><System><Provider Name='Microsoft-Windows-WLAN-AutoConfig' Guid='{9580d7dd-0379-4658-9870-d5be7d52d6de}'/><EventID>8000</EventID><Version>0</Version><Level>4</Level><Task>24010</Task><Opcode>189</Opcode><Keywords>0x8000000000000600</Keywords><TimeCreated SystemTime='2026-05-25T03:09:51.1687518Z'/><EventRecordID>50</EventRecordID><Correlation/><Execution ProcessID='5248' ThreadID='19412'/><Channel>Microsoft-Windows-WLAN-AutoConfig/Operational</Channel><Computer>DESKTOP-GU6JIV0</Computer><Security UserID='S-1-5-18'/></System><EventData><Data Name='InterfaceGuid'>{a0304f17-13b2-4acf-bd88-f45e2426ce92}</Data><Data Name='InterfaceDescription'>MediaTek MT7921 Wi-Fi 6 802.11ax PCIe Adapter</Data><Data Name='ConnectionMode'>Connection to a secure network without a profile</Data><Data Name='ProfileName'>Dolphin-284</Data><Data Name='SSID'>Dolphin-284</Data><Data Name='BSSType'>Infrastructure</Data><Data Name='ConnectionId'>0x3</Data></EventData></Event><Event xmlns='http://schemas.microsoft.com/win/2004/08/events/event'><System><Provider Name='Microsoft-Windows-WLAN-AutoConfig' Guid='{9580d7dd-0379-4658-9870-d5be7d52d6de}'/><EventID>11000</EventID><Version>0</Version><Level>4</Level><Task>24011</Task><Opcode>193</Opcode><Keywords>0x8000000000000600</Keywords><TimeCreated SystemTime='2026-05-25T03:09:51.2280741Z'/><EventRecordID>51</EventRecordID><Correlation/><Execution ProcessID='5248' ThreadID='18000'/><Channel>Microsoft-Windows-WLAN-AutoConfig/Operational</Channel><Computer>DESKTOP-GU6JIV0</Computer><Security UserID='S-1-5-18'/></System><EventData><Data Name='Adapter'>MediaTek MT7921 Wi-Fi 6 802.11ax PCIe Adapter</Data><Data Name='DeviceGuid'>{a0304f17-13b2-4acf-bd88-f45e2426ce92}</Data><Data Name='LocalMac'>14:13:33:C5:8B:E7</Data><Data Name='SSID'>Dolphin-284</Data><Data Name='BSSType'>Infrastructure</Data><Data Name='Auth'>WPA2-Personal</Data><Data Name='Cipher'>AES-CCMP</Data><Data Name='OnexEnabled'>0</Data><Data Name='IhvConnectivitySetting'></Data><Data Name='ConnectionId'>0x4</Data></EventData></Event><Event xmlns='http://schemas.microsoft.com/win/2004/08/events/event'><System><Provider Name='Microsoft-Windows-WLAN-AutoConfig' Guid='{9580d7dd-0379-4658-9870-d5be7d52d6de}'/><EventID>11001</EventID><Version>0</Version><Level>4</Level><Task>24011</Task><Opcode>194</Opcode><Keywords>0x8000000000000600</Keywords><TimeCreated SystemTime='2026-05-25T03:09:51.9775776Z'/><EventRecordID>52</EventRecordID><Correlation/><Execution ProcessID='5248' ThreadID='3188'/><Channel>Microsoft-Windows-WLAN-AutoConfig/Operational</Channel><Computer>DESKTOP-GU6JIV0</Computer><Security UserID='S-1-5-18'/></System><EventData><Data Name='Adapter'>MediaTek MT7921 Wi-Fi 6 802.11ax PCIe Adapter</Data><Data Name='DeviceGuid'>{a0304f17-13b2-4acf-bd88-f45e2426ce92}</Data><Data Name='LocalMac'>14:13:33:C5:8B:E7</Data><Data Name='SSID'>Dolphin-284</Data><Data Name='BSSType'>Infrastructure</Data><Data Name='ConnectionId'>0x400000000</Data><Data Name='MgmtFrameProtection'>false</Data></EventData></Event><Event xmlns='http://schemas.microsoft.com/win/2004/08/events/event'><System><Provider Name='Microsoft-Windows-WLAN-AutoConfig' Guid='{9580d7dd-0379-4658-9870-d5be7d52d6de}'/><EventID>11010</EventID><Version>0</Version><Level>4</Level><Task>24012</Task><Opcode>200</Opcode><Keywords>0x8000000000000600</Keywords><TimeCreated SystemTime='2026-05-25T03:09:51.9775834Z'/><EventRecordID>53</EventRecordID><Correlation/><Execution ProcessID='5248' ThreadID='3188'/><Channel>Microsoft-Windows-WLAN-AutoConfig/Operational</Channel><Computer>DESKTOP-GU6JIV0</Computer><Security UserID='S-1-5-18'/></System><EventData><Data Name='Adapter'>MediaTek MT7921 Wi-Fi 6 802.11ax PCIe Adapter</Data><Data Name='DeviceGuid'>{a0304f17-13b2-4acf-bd88-f45e2426ce92}</Data><Data Name='LocalMac'>14:13:33:C5:8B:E7</Data><Data Name='SSID'>Dolphin-284</Data><Data Name='BSSType'>Infrastructure</Data><Data Name='Auth'>WPA2-Personal</Data><Data Name='AuthVal'>7</Data><Data Name='Cipher'>AES-CCMP</Data><Data Name='CipherVal'>4</Data><Data Name='FIPSMode'>0</Data><Data Name='OnexEnabled'>0</Data><Data Name='ConnectionId'>0x4</Data></EventData></Event><Event xmlns='http://schemas.microsoft.com/win/2004/08/events/event'><System><Provider Name='Microsoft-Windows-WLAN-AutoConfig' Guid='{9580d7dd-0379-4658-9870-d5be7d52d6de}'/><EventID>11005</EventID><Version>0</Version><Level>4</Level><Task>24012</Task><Opcode>198</Opcode><Keywords>0x8000000000000600</Keywords><TimeCreated SystemTime='2026-05-25T03:09:52.0155896Z'/><EventRecordID>54</EventRecordID><Correlation/><Execution ProcessID='5248' ThreadID='7720'/><Channel>Microsoft-Windows-WLAN-AutoConfig/Operational</Channel><Computer>DESKTOP-GU6JIV0</Computer><Security UserID='S-1-5-18'/></System><EventData><Data Name='Adapter'>MediaTek MT7921 Wi-Fi 6 802.11ax PCIe Adapter</Data><Data Name='DeviceGuid'>{a0304f17-13b2-4acf-bd88-f45e2426ce92}</Data><Data Name='LocalMac'>14:13:33:C5:8B:E7</Data><Data Name='SSID'>Dolphin-284</Data><Data Name='BSSType'>Infrastructure</Data><Data Name='ConnectionId'>0x4</Data></EventData></Event><Event xmlns='http://schemas.microsoft.com/win/2004/08/events/event'><System><Provider Name='Microsoft-Windows-WLAN-AutoConfig' Guid='{9580d7dd-0379-4658-9870-d5be7d52d6de}'/><EventID>8001</EventID><Version>0</Version><Level>4</Level><Task>24010</Task><Opcode>190</Opcode><Keywords>0x8000000000000600</Keywords><TimeCreated SystemTime='2026-05-25T03:09:52.0379536Z'/><EventRecordID>55</EventRecordID><Correlation/><Execution ProcessID='5248' ThreadID='13208'/><Channel>Microsoft-Windows-WLAN-AutoConfig/Operational</Channel><Computer>DESKTOP-GU6JIV0</Computer><Security UserID='S-1-5-18'/></System><EventData><Data Name='InterfaceGuid'>{a0304f17-13b2-4acf-bd88-f45e2426ce92}</Data><Data Name='InterfaceDescription'>MediaTek MT7921 Wi-Fi 6 802.11ax PCIe Adapter</Data><Data Name='ConnectionMode'>Connection to a secure network without a profile</Data><Data Name='ProfileName'>Dolphin-284</Data><Data Name='SSID'>Dolphin-284</Data><Data Name='BSSType'>Infrastructure</Data><Data Name='PHYType'>802.11ax</Data><Data Name='AuthenticationAlgorithm'>WPA2-Personal</Data><Data Name='CipherAlgorithm'>AES-CCMP</Data><Data Name='OnexEnabled'>0</Data><Data Name='ConnectionId'>0x4</Data><Data Name='NonBroadcast'>false</Data></EventData></Event>